592, 112
1149, 144
601, 96
1064, 192
1072, 167
1324, 160
2407, 176
867, 151
608, 104
1917, 256
863, 143
1509, 176
2804, 256
408, 80
2676, 240
2666, 222
1503, 176
2255, 304
1914, 248
579, 96
893, 160
1170, 144
579, 92
913, 128
1175, 200
710, 128
577, 112
4785, 216
761, 128
291, 52
271, 48
1015, 167
882, 152
744, 132
570, 95
2399, 176
2996, 264
1002, 168
598, 102
612, 91
877, 152
872, 138
1610, 208
1491, 177
1475, 184
1157, 143
1607, 256
2368, 184
873, 133
443, 80
1638, 213
553, 88
564, 104
1490, 168
1821, 240
1490, 174
902, 141
2072, 288
896, 142
1325, 160
1197, 144
1516, 183
1161, 215
554, 102
759, 143
1470, 175
592, 96
1184, 141
2555, 200
1189, 200
1363, 159
4961, 240
3022, 280
2406, 183
721, 136
1510, 184
1450, 192
1183, 144
881, 151
1804, 224
1461, 183
1196, 176
550, 112
603, 99
875, 139
902, 152
1509, 172
864, 135
1363, 160
733, 125
868, 133
697, 120
437, 80
1509, 168
558, 104
2071, 268
1475, 174
767, 120
2403, 184
866, 140
877, 151
609, 104
1634, 208
542, 93
5248, 293
416, 80
2665, 217
2398, 184
2384, 183
2346, 183
616, 112
1476, 174
1021, 168
1457, 183
1470, 173
892, 135
1321, 160
1515, 192
1513, 168
1493, 182
1020, 176
1195, 144
714, 118
612, 92
248, 54
745, 118
392, 79
1353, 208
2353, 184
2968, 264
697, 128
867, 152
2363, 184
2389, 184
1302, 216
3466, 336
1612, 216
541, 90
915, 152
1765, 240
1329, 152
1063, 167
1511, 175
301, 64
576, 95
2386, 184
2389, 181
2711, 212
1051, 176
996, 178
1368, 224
1293, 151
261, 56
1478, 173
862, 152
1198, 144
2382, 176
599, 94
1834, 232
561, 93
852, 134
1501, 180
707, 136
261, 63
899, 138
1483, 168
562, 104
2366, 182
2387, 183
909, 152
1060, 159
1013, 184
258, 63
1819, 224
845, 160
917, 160
1199, 144
2653, 215
1486, 184
869, 160
610, 96
1477, 184
887, 144
608, 94
1501, 174
1460, 176
882, 144
566, 100
1037, 171
847, 135
842, 136
1524, 184
1203, 196
2868, 256
1309, 224
1491, 184
846, 152
575, 104
2677, 216
1163, 144
839, 128
1467, 171
863, 152
728, 112
917, 136
2348, 176
2375, 184
764, 135
1036, 168
1224, 200
593, 112
2671, 223
877, 152
1621, 208
888, 143
1503, 272
867, 142
871, 134
1163, 200
1487, 184
884, 144
2706, 213
896, 152
2712, 223
2531, 384
1466, 181
914, 143
593, 99
1667, 207
1349, 216
2415, 184
1016, 175
611, 104
1369, 216
564, 104
2512, 200
1667, 216
1778, 240
2684, 220
908, 135
562, 104
1170, 136
562, 96
891, 128
607, 110
1473, 175
1157, 144
599, 103
1184, 144
1453, 182
859, 131
1223, 192
256, 64
2654, 216
849, 136
610, 119
467, 80
1494, 174
751, 120
2512, 200
858, 136
1499, 182
557, 88
3019, 280
552, 96
1159, 144
1145, 144
1196, 143
581, 104
1300, 160
1484, 176
263, 64
560, 104
1824, 240
744, 120
1209, 198
564, 112
1504, 174
1495, 167
2382, 176
604, 104
552, 104
541, 95
1480, 174
909, 157
1156, 135
439, 80
1200, 144
4958, 231
2572, 200
1505, 175
1447, 192
1517, 184
3011, 256
1020, 176
556, 120
894, 144
1516, 240
1468, 174
1457, 172
1477, 182
585, 88
618, 96
1010, 168
1140, 140
1062, 184
1488, 180
1480, 280
1014, 175
1518, 182
4785, 216
1151, 192
848, 126
4919, 232
1968, 256
587, 93
2363, 184
3144, 296
2650, 212
884, 136
2368, 176
1214, 200
731, 136
1348, 160
1357, 160
3000, 280
844, 138
1172, 200
886, 136
257, 54
898, 127
2384, 176
596, 91
4784, 215
595, 104
572, 120
547, 96
2519, 200
415, 79
585, 104
553, 99
2819, 256
1471, 176
1509, 176
1319, 151
1819, 232
902, 143
897, 136
872, 152
427, 88
863, 143
1779, 232
1032, 172
4822, 224
915, 136
4943, 230
549, 96
1157, 184
1451, 175
1646, 200
2708, 224
608, 101
1519, 255
588, 93
579, 88
607, 92
5375, 304
2361, 184
448, 80
891, 143
857, 138
1816, 239
2716, 223
879, 132
2655, 216
1204, 200
761, 128
543, 103
545, 93
876, 141
910, 152
1816, 240
5282, 296
883, 138
884, 144
560, 96
585, 88
1160, 197
906, 144
1466, 168
425, 80
910, 138
4800, 215
2526, 199
1018, 168
3422, 336
601, 93
2404, 184
1499, 176
560, 95
901, 141
997, 182
2410, 183
581, 92
613, 96
755, 120
1455, 171
1616, 213
1036, 176
1785, 240
2415, 176
3026, 280
1322, 224
3621, 376
1492, 184
2670, 213
586, 98
2833, 253
1209, 192
4743, 215
1184, 200
582, 104
610, 104
1070, 176
2373, 184
1196, 144
1026, 168
1147, 144
877, 144
5060, 260
2536, 200
2854, 248
575, 102
1485, 167
4747, 216
608, 96
873, 144
565, 104
2528, 199
1045, 168
1786, 216
1198, 184
1013, 168
1449, 168
910, 135
1508, 184
905, 132
1354, 160
1155, 144
873, 160
2413, 183
903, 128
1458, 231
850, 144
1020, 176
894, 127
841, 131
1487, 232
2413, 184
1485, 177
2520, 200
1780, 239
563, 93
764, 120
4760, 216
564, 103
730, 144
2373, 184
546, 95
587, 94
742, 128
4808, 224
592, 95
585, 94
534, 90
1471, 168
1651, 216
4791, 216
1446, 182
1806, 240
554, 102
2520, 200
1011, 160
910, 144
2409, 183
1623, 224
93, 40
1333, 160
916, 144
2381, 183
1366, 160
2665, 222
2354, 176
1489, 172
2365, 184
1186, 136
879, 126
1500, 180
863, 137
1343, 240
1022, 160
729, 128
858, 127
2556, 200
1803, 284
1010, 168
273, 64
857, 152
882, 136
1454, 168
1010, 168
540, 104
548, 104
1489, 176
1468, 174
463, 80
1180, 192
846, 160
4774, 216
4816, 224
855, 141
893, 133
1516, 200
856, 144
566, 112
2671, 216
1157, 192
1467, 172
598, 96
546, 93
2361, 176
918, 152
1612, 206
2694, 220
1161, 200
2706, 223
1965, 256
1457, 176
579, 120
1471, 180
1067, 168
1939, 256
1444, 175
915, 136
2505, 200
1476, 175
2364, 184
767, 128
2832, 240
926, 152
1491, 177
543, 104
592, 100
2530, 200
913, 141
905, 128
902, 152
845, 136
1484, 184
2516, 200
1487, 172
733, 134
881, 152
1010, 173
1310, 160
847, 128
587, 100
1799, 224
2522, 192
572, 96
1170, 136
1474, 174
2545, 192
2360, 184
853, 144
1067, 168
1610, 208
275, 53
916, 144
1022, 168
2965, 264
1145, 136
850, 143
608, 103
1347, 160
615, 104
1444, 173
553, 99
1499, 183
1183, 192
5082, 256
1189, 191
1484, 177
1056, 176
4957, 240
923, 152
2395, 184
1455, 175
1007, 160
609, 104
2359, 176
2368, 176
1465, 192
127, 40
892, 135
914, 140
1229, 200
1507, 184
1454, 167
1607, 214
1339, 223
1197, 199
909, 140
428, 79
1492, 172
2391, 176
885, 143
2570, 344
748, 120
1796, 239
572, 104
866, 143
603, 95
1021, 176
863, 139
1483, 184
1189, 184
577, 101
1000, 160
1055, 176
2693, 215
855, 135
1002, 183
1481, 168
2363, 184
587, 104
594, 104
1181, 144
2703, 212
4950, 240
2833, 256
845, 137
1633, 205
1483, 178
1023, 173
546, 103
1183, 134
3011, 280
570, 103
2527, 200
5292, 288
1328, 224
1484, 181
888, 152
439, 80
2551, 200
1465, 175
2847, 264
869, 136
1361, 160
1070, 184
1302, 160
575, 94
1440, 173
845, 136
1209, 200
543, 98
617, 96
1483, 168
2365, 184
2370, 184
885, 139
1175, 144
557, 96
1059, 192
592, 94
1472, 176
1474, 178
2360, 176
2350, 176
1326, 208
1804, 240
866, 144
913, 132
402, 80
714, 136
1469, 174
2706, 224
1176, 142
2381, 184
442, 80
1221, 216
1362, 160
1326, 160
1779, 232
1948, 255
1215, 208
1478, 172
921, 152
586, 104
722, 120
1361, 160
1014, 167
1490, 181
1210, 184
576, 96
2840, 243
906, 138
1807, 224
1315, 227
2725, 214
300, 47
1500, 184
3156, 288
859, 141
604, 104
1916, 254
1494, 175
768, 128
853, 152
4801, 216
1457, 176
578, 103
1779, 231
897, 136
599, 112
590, 94
926, 152
1471, 173
4815, 224
1507, 176
2681, 221
1463, 172
1172, 142
1470, 184
1471, 172
595, 88
263, 61
899, 152
1454, 184
891, 136
1348, 160
1604, 215
1062, 176
879, 144
617, 100
2545, 200
442, 80
2527, 200
595, 96
881, 134
596, 112
1645, 266
1455, 175
1326, 206
1462, 174
1449, 175
2689, 240
2569, 200
2678, 224
439, 87
883, 160
276, 63
1370, 232
1153, 136
917, 142
729, 136
1305, 207
549, 102
618, 112
560, 112
1496, 182
1761, 240
4069, 448
267, 64
1454, 181
612, 94
1030, 180
576, 95
1194, 141
147, 14
2385, 184
721, 120
2059, 280
570, 104
853, 136
1012, 176
576, 94
1467, 171
902, 135
5111, 272
579, 96
1358, 232
1643, 216
878, 134
2519, 200
1361, 160
771, 128
571, 111
2708, 224
2539, 200
577, 112
3461, 344
2978, 272
916, 135
736, 128
2352, 176
739, 128
856, 152
750, 120
4811, 214
1651, 216
1067, 160
598, 104
580, 112
3139, 296
1446, 177
2388, 183
1517, 184
1176, 192
579, 100
1500, 176
918, 160
875, 133
1512, 168
2347, 184
581, 104
1626, 208
876, 140
889, 131
2717, 224
1479, 176
2417, 184
563, 91
857, 132
2360, 184
1504, 175
5396, 302
580, 93
1516, 180
5077, 246
2645, 217
1781, 240
302, 63
586, 96
2681, 223
603, 99
758, 131
586, 104
4807, 216
1348, 232
1504, 168
2710, 222
565, 91
1449, 173
1469, 176
1469, 183
1201, 192
914, 160
1471, 171
866, 141
1454, 167
567, 96
1156, 192
1483, 248
2560, 200
1499, 176
2648, 214
1362, 216
560, 96
1512, 176
1458, 182
898, 144
1604, 214
853, 135
589, 103
716, 125
2403, 183
1521, 175
1019, 176
607, 95
1452, 176
1499, 176
2511, 200
1048, 191
860, 144
2830, 248
1207, 143
1615, 222
845, 142
889, 131
1213, 178
1824, 288
1523, 232
1365, 213
1200, 197
2695, 224
2271, 312
1619, 216
720, 136
1502, 175
901, 132
586, 103
1458, 168
540, 104
2674, 224
895, 136
1967, 255
1150, 143
1022, 168
1041, 183
1597, 212
1516, 172
1479, 171
1001, 168
605, 95
1606, 214
582, 102
891, 152
1037, 176
2710, 216
1185, 192
588, 94
2814, 248
861, 127
2691, 224
923, 152
538, 97
1064, 175
917, 136
866, 144
9586, 256
592, 120
1964, 264
873, 138
1473, 240
1164, 192
572, 104
861, 136
2841, 238
1767, 248
1663, 223
610, 103
3125, 296
1827, 224
850, 140
1476, 172
1775, 240
1212, 200
1046, 158
853, 128
2980, 280
1179, 136
1452, 192
695, 128
1504, 171
614, 112
3161, 287
550, 103
1175, 198
2415, 176
1179, 200
2398, 184
1149, 142
1460, 176
428, 72
884, 136
754, 112
1182, 144
293, 64
2107, 288
1501, 175
1061, 167
910, 152
857, 134
861, 160
1460, 190
914, 136
2698, 207
1337, 221
1204, 144
235, 63
1493, 174
900, 136
888, 140
2532, 200
864, 120
738, 128
845, 135
879, 144
2216, 312
1519, 176
1749, 216
614, 104
1779, 240
857, 151
909, 152
2399, 176
1453, 172
581, 103
