49, 23
26, 15
35, 23
36, 16
39, 23
41, 15
31, 15
38, 8
40, 31
26, 11
45, 23
37, 24
33, 16
29, 7
113, 72
38, 11
55, 24
29, 8
33, 7
27, 16
39, 16
45, 32
37, 15
28, 15
31, 13
34, 13
34, 16
23, 10
40, 32
36, 16
56, 32
33, 13
22, 14
29, 8
47, 24
36, 12
35, 8
37, 24
30, 14
41, 8
34, 8
37, 8
41, 16
79, 48
35, 23
69, 39
84, 46
42, 21
30, 8
21, 8
30, 15
21, 8
36, 16
22, 8
31, 24
29, 12
33, 6
35, 24
30, 8
45, 23
25, 7
33, 8
27, 15
29, 16
36, 8
29, 22
36, 8
38, 8
30, 16
37, 16
30, 16
27, 16
25, 8
70, 47
32, 24
37, 23
33, 8
34, 12
41, 20
32, 13
57, 32
32, 8
33, 16
30, 16
29, 16
36, 7
41, 31
31, 14
23, 8
38, 16
25, 13
31, 15
45, 14
27, 12
36, 24
37, 13
21, 8
31, 8
33, 8
33, 11
33, 15
39, 16
33, 14
32, 14
68, 32
32, 13
27, 8
27, 22
43, 16
33, 7
36, 14
37, 24
21, 13
35, 7
41, 16
38, 8
44, 24
36, 22
29, 16
36, 24
38, 8
57, 44
33, 8
31, 8
27, 14
35, 8
103, 56
33, 15
29, 14
33, 14
37, 7
45, 24
27, 8
40, 16
32, 15
32, 14
30, 11
71, 40
35, 15
24, 14
29, 23
30, 16
77, 39
29, 13
74, 36
31, 8
33, 15
33, 8
78, 48
30, 15
28, 13
26, 15
29, 7
37, 23
35, 14
60, 46
28, 13
67, 48
34, 16
101, 80
19, 7
56, 40
76, 56
30, 16
32, 8
38, 16
23, 8
29, 16
30, 7
112, 72
25, 8
24, 8
35, 8
38, 16
48, 24
33, 16
38, 8
48, 24
40, 8
50, 24
35, 8
24, 8
36, 15
36, 19
37, 8
30, 11
27, 8
28, 7
32, 16
112, 80
40, 40
42, 20
31, 15
32, 15
32, 22
26, 15
32, 8
26, 15
39, 8
89, 56
32, 8
28, 21
30, 15
46, 15
31, 16
29, 16
65, 40
45, 24
32, 12
31, 15
34, 8
21, 8
71, 40
32, 16
28, 8
43, 11
100, 46
56, 24
100, 88
30, 13
26, 8
53, 32
71, 46
33, 13
37, 6
28, 15
39, 8
34, 16
27, 23
35, 24
42, 24
31, 16
42, 16
72, 47
25, 14
38, 21
36, 16
26, 16
31, 14
31, 15
32, 15
35, 14
38, 15
35, 8
30, 20
28, 7
25, 7
30, 6
30, 8
31, 8
45, 20
38, 16
33, 16
55, 24
44, 32
31, 16
32, 6
34, 8
29, 8
37, 8
26, 15
36, 24
32, 15
34, 12
51, 24
37, 15
31, 12
30, 23
34, 13
29, 14
111, 64
32, 16
35, 8
36, 16
45, 24
28, 6
34, 7
37, 16
21, 7
26, 14
40, 16
32, 14
47, 14
27, 16
22, 16
45, 24
66, 47
27, 16
31, 16
31, 8
24, 8
47, 22
51, 24
47, 24
36, 19
38, 24
41, 24
29, 16
45, 21
115, 64
28, 15
30, 15
39, 17
44, 24
25, 16
33, 16
37, 22
111, 56
24, 15
34, 8
127, 80
31, 8
30, 15
25, 8
27, 8
33, 12
40, 15
38, 16
27, 8
27, 14
35, 11
45, 24
36, 16
34, 16
31, 7
48, 16
41, 16
35, 7
46, 16
34, 22
40, 16
41, 13
43, 16
35, 7
37, 16
36, 15
33, 21
23, 16
37, 22
33, 8
33, 22
29, 8
41, 16
75, 56
35, 21
37, 20
40, 16
29, 14
27, 8
26, 8
28, 7
36, 16
28, 7
61, 40
45, 30
36, 16
30, 16
31, 8
29, 16
31, 7
27, 16
39, 16
34, 13
31, 19
31, 6
44, 16
24, 7
37, 22
122, 80
31, 8
50, 24
36, 22
74, 48
116, 61
33, 8
39, 16
32, 15
39, 16
38, 14
22, 16
30, 8
25, 7
27, 7
39, 16
75, 40
41, 24
46, 16
39, 23
29, 8
31, 8
25, 12
36, 15
24, 7
43, 24
35, 7
30, 16
38, 16
34, 16
38, 23
38, 22
50, 24
28, 17
30, 8
24, 8
27, 8
34, 19
36, 16
27, 7
80, 40
42, 16
37, 23
72, 32
35, 8
34, 8
27, 19
28, 8
26, 15
31, 8
65, 39
29, 16
44, 22
27, 15
31, 7
29, 24
33, 8
32, 22
42, 7
43, 8
60, 24
33, 8
30, 19
31, 16
52, 32
31, 17
39, 16
78, 40
37, 16
32, 8
32, 22
33, 15
110, 64
32, 15
22, 7
27, 8
29, 8
30, 14
33, 11
37, 24
18, 6
28, 16
24, 8
47, 16
38, 16
23, 8
26, 14
85, 48
37, 16
46, 24
34, 8
30, 23
38, 12
33, 16
37, 8
35, 24
24, 7
26, 6
21, 6
30, 19
43, 24
30, 16
24, 7
41, 16
41, 16
28, 7
31, 16
38, 8
33, 14
31, 8
29, 11
29, 8
29, 8
36, 16
33, 8
36, 15
29, 8
32, 14
34, 15
26, 12
49, 23
69, 40
27, 7
31, 8
35, 8
38, 23
35, 16
30, 16
27, 8
28, 22
24, 14
80, 40
23, 11
36, 24
33, 16
22, 13
29, 20
41, 23
36, 12
33, 7
29, 8
26, 12
37, 20
35, 7
34, 16
33, 16
28, 11
32, 20
25, 7
27, 8
29, 7
25, 7
33, 7
28, 14
26, 15
32, 13
32, 11
23, 7
56, 40
32, 22
35, 15
42, 24
36, 16
24, 8
40, 31
32, 15
33, 16
45, 16
27, 16
106, 48
22, 16
35, 16
38, 16
33, 8
32, 8
32, 8
39, 16
35, 12
32, 8
33, 17
29, 22
37, 16
28, 7
46, 32
32, 16
24, 8
28, 7
39, 16
40, 11
41, 8
41, 16
30, 10
27, 8
41, 16
35, 23
39, 16
33, 8
49, 16
39, 14
25, 11
29, 8
39, 16
48, 32
55, 24
27, 21
83, 48
31, 16
98, 56
30, 24
34, 8
45, 23
27, 15
76, 53
79, 40
34, 15
28, 12
28, 8
40, 8
34, 7
26, 7
34, 15
125, 72
35, 22
31, 24
43, 24
33, 15
90, 39
45, 11
49, 24
34, 15
108, 72
34, 14
38, 15
36, 12
38, 8
49, 40
34, 8
51, 32
111, 56
38, 15
70, 40
40, 16
33, 15
24, 8
24, 16
28, 7
23, 7
35, 15
30, 16
33, 13
33, 15
23, 7
39, 23
31, 13
39, 15
32, 7
31, 21
33, 8
33, 23
32, 8
25, 8
30, 8
41, 16
27, 8
31, 15
34, 23
34, 16
28, 14
30, 8
34, 15
71, 48
35, 16
32, 16
29, 24
40, 16
34, 16
31, 16
94, 40
25, 14
97, 64
28, 24
35, 15
39, 16
25, 8
43, 16
26, 16
35, 24
33, 16
44, 21
27, 7
25, 13
67, 40
56, 38
27, 22
30, 8
97, 55
34, 15
21, 7
20, 14
58, 39
30, 23
37, 24
74, 32
33, 12
27, 15
29, 8
40, 16
28, 16
37, 12
42, 16
28, 8
33, 7
29, 8
72, 48
32, 16
37, 14
25, 15
30, 20
32, 16
32, 7
64, 31
44, 24
112, 72
73, 32
25, 13
40, 24
59, 39
29, 8
29, 7
34, 15
42, 15
35, 10
43, 16
32, 16
31, 7
57, 24
30, 16
35, 16
31, 13
30, 7
29, 13
33, 7
31, 7
42, 24
31, 8
95, 39
24, 8
171, 104
28, 7
41, 16
150, 80
25, 14
44, 16
36, 23
28, 8
52, 39
31, 15
24, 14
37, 13
30, 12
44, 24
53, 24
60, 40
20, 8
38, 24
146, 68
33, 12
51, 24
99, 55
98, 48
38, 24
29, 21
30, 24
25, 14
34, 16
27, 7
72, 40
26, 8
62, 40
38, 16
34, 8
84, 40
38, 16
38, 24
30, 16
45, 32
34, 13
51, 32
63, 48
36, 15
30, 14
61, 48
38, 22
44, 24
29, 7
33, 8
42, 8
29, 17
31, 22
26, 13
34, 12
40, 24
25, 15
31, 8
32, 16
28, 8
63, 32
32, 16
32, 7
31, 16
22, 11
35, 16
50, 16
33, 21
34, 8
35, 15
41, 8
48, 24
27, 23
75, 48
37, 8
33, 8
27, 16
41, 14
94, 48
31, 12
35, 13
34, 8
32, 11
36, 22
109, 48
43, 22
29, 8
68, 37
34, 16
35, 24
51, 32
49, 24
31, 8
33, 6
32, 22
30, 12
29, 23
26, 8
35, 8
66, 40
36, 13
26, 14
27, 16
37, 16
49, 16
43, 16
81, 32
29, 12
25, 15
40, 8
40, 15
41, 13
19, 12
70, 40
40, 12
32, 15
58, 39
71, 48
25, 8
39, 8
27, 13
26, 15
22, 8
30, 23
30, 16
34, 12
63, 40
134, 96
26, 12
28, 13
63, 40
74, 32
22, 8
40, 8
43, 24
40, 22
29, 12
26, 8
33, 7
27, 8
34, 8
48, 16
38, 8
25, 14
47, 16
27, 7
27, 8
35, 8
27, 16
36, 16
37, 8
28, 8
31, 7
34, 8
31, 15
34, 21
41, 8
35, 21
34, 8
38, 16
31, 24
38, 15
31, 12
36, 17
24, 8
22, 6
32, 13
59, 32
78, 48
36, 8
24, 8
40, 8
31, 16
41, 24
24, 8
45, 24
40, 16
24, 16
23, 6
37, 16
30, 16
29, 16
41, 11
42, 23
31, 13
35, 16
22, 14
27, 8
75, 31
112, 47
23, 21
37, 23
34, 20
27, 14
50, 24
25, 16
32, 15
37, 15
58, 36
28, 8
31, 12
38, 24
40, 24
36, 12
86, 47
29, 13
31, 13
25, 8
51, 32
42, 8
23, 8
31, 16
23, 7
30, 8
25, 7
43, 24
33, 24
36, 14
40, 32
22, 8
93, 48
23, 24
39, 24
33, 15
31, 16
33, 16
39, 15
28, 8
30, 15
29, 8
29, 16
33, 16
47, 24
25, 11
36, 24
38, 12
64, 36
27, 7
33, 15
32, 14
30, 15
36, 15
30, 15
37, 23
29, 13
43, 16
32, 12
35, 18
39, 23
36, 16
35, 15
40, 8
42, 32
30, 12
37, 8
30, 22
35, 16
35, 8
31, 16
46, 24
33, 16
29, 16
22, 15
39, 14
33, 8
34, 22
41, 24
31, 16
31, 8
28, 15
37, 16
32, 8
139, 80
36, 16
21, 6
34, 16
35, 19
32, 16
36, 16
34, 15
43, 16
44, 16
30, 16
27, 19
109, 56
38, 16
