11058
10503
11850
10901
13295
9653
12001
11522
10601
8905
8433
10787
25409
10929
12903
10971
9515
13043
7966
13592
7768
10979
9340
11470
8515
14417
9580
11859
15141
11139
9672
16584
9624
10648
15261
8816
11400
14379
6841
9384
14824
11861
11868
31713
13296
14882
16739
10858
13709
10711
10970
10484
12507
8501
12834
12111
15623
10522
9386
8063
12370
8692
17404
16112
10072
10499
8742
13408
10773
14254
11264
10256
11425
10629
14951
13072
14614
11314
9062
13175
10944
12763
11637
10692
12715
13818
11982
9168
13353
15049
11026
31774
14361
9481
10535
12860
10559
9161
10041
11325
