5925
3500
9850
4523
17543
6249
7435
1864
6133
10076
17151
12731
7484
4308
7728
2056
6887
5203
3892
5355
4685
5382
4441
5461
12368
5878
6144
11160
4420
2298
4444
18094
2318
4397
2169
4990
5586
7210
9638
10423
5619
3482
3538
4529
12032
13346
13730
14050
13475
5820
5343
3787
5836
4794
3893
2520
2291
12566
5914
2290
6557
9072
5181
11356
10580
3506
5052
2405
9586
11282
4451
4441
7825
9339
8649
3750
3670
16896
4359
7278
5950
6177
2140
22936
30136
5948
2607
3650
7417
6216
8360
8349
2480
6140
4314
5125
13001
6235
2013
2303
