13729
13490
15420
14591
14370
15455
15641
18495
15442
16694
13251
19348
23861
24165
14149
14587
10629
25391
11477
14246
19723
14987
14052
14675
22409
24349
15374
9611
18818
19695
16365
17743
18469
16270
12292
24228
24447
12243
17707
12655
24616
15621
14259
18540
16772
16297
10465
19032
12542
14620
9738
16755
13542
19241
13910
14348
15706
22912
11679
16345
10874
16960
22950
15172
13623
10202
23617
15790
17066
17771
13398
14221
22017
14407
40885
19164
22502
12480
24167
24245
16472
14391
18209
27802
16559
20183
18559
11953
18848
15200
9913
13259
18579
16079
11915
14827
19294
15432
21755
16308
