566301
239479
646682
659748
236054
934966
537627
1172825
524990
1834195
581695
406526
391094
827328
271701
900089
300519
450372
767609
282328
237038
919481
237025
331990
345395
538145
523494
417778
299679
677431
506986
362603
1394836
705682
466076
420007
687159
542336
857471
1093095
719770
1499706
2152502
511969
569688
491498
842698
1024156
223200
526785
920093
765070
389143
597481
522425
344839
989225
618455
2057478
342445
1153289
583602
386712
572198
583936
660839
626970
552988
345744
145925
529092
530011
738660
720550
222994
281902
315558
793554
853270
542643
420417
813153
496942
777534
342259
618488
282037
782413
746242
408448
614092
1441454
989695
404936
686616
764413
572698
2090680
418497
539045
