32488
14500
13455
15150
11566
14492
14286
11960
15934
11735
15958
29571
10961
13285
11463
11604
15667
15746
32077
18368
81079
15038
13765
16042
17547
15542
14988
14942
14858
13864
12900
13740
12347
13171
12708
14796
18549
15595
13914
12682
14705
12308
36024
13130
12650
10330
13121
13650
10975
16780
14283
14951
16722
18626
12788
27417
13960
30610
31901
44564
20186
49124
9544
17095
12190
14985
16106
12353
14450
10500
16435
13035
10226
15747
17721
16368
15741
9235
17341
10562
10854
10181
13604
15409
11557
12301
12182
17314
12305
15543
15095
11513
48865
12345
11394
16011
13581
13418
16226
14251
