62031
136298
87671
238145
45946
194191
73987
85970
119335
40884
152047
118002
55904
192191
183590
209790
193804
90548
138323
105102
224223
76088
100577
59944
55417
39874
197693
315504
101935
87174
89443
104137
240126
58104
134212
184643
136338
136519
71197
104534
57753
69983
91182
72142
180565
60103
57825
59589
88546
133984
274883
273382
58651
91268
74203
138509
74004
243228
167141
120381
130945
134610
91704
168075
62188
76972
107668
41630
89652
31572
46542
91771
284831
71821
276663
152190
76997
330513
55784
101381
92519
31519
116342
102503
73735
43321
153299
133462
71153
166157
240134
153024
210781
87187
102976
27997
179868
39731
148274
669780
