9198
14830
14149
44558
15389
14194
28714
14167
15332
14109
14853
13378
29577
13440
12667
14517
14585
30026
16142
16458
14830
14278
29815
15717
15247
27291
30104
12948
30868
30708
13919
16700
14852
16591
12399
27828
12273
15166
16954
12451
16026
13505
12166
30171
15832
16120
12529
9517
13499
44863
9971
93298
13142
30257
33600
31180
10423
12366
13414
27434
16105
11255
32131
31612
44718
11715
15890
15383
29275
49377
10686
12484
30619
15765
31227
11249
11992
63825
10586
14432
29568
14742
9761
10210
14306
12881
11727
13364
15707
12109
28412
13802
15682
12956
12287
48849
13825
16871
16163
15459
