4624
2843
3563
9377
4746
16699
3551
3555
4639
3206
15764
4472
3021
4333
5039
6715
3139
3763
6906
6826
4050
3350
7887
3364
4027
3989
3414
5915
3115
8331
13914
7535
2834
9418
7178
7507
3965
3959
3907
3836
3015
4319
9300
3956
6542
3985
3560
3913
8216
3614
3813
2877
4017
8680
3686
3305
10966
8973
3810
12292
2941
2805
3882
13648
4278
3658
2715
3661
3724
7828
4871
3196
3426
3972
3702
9382
14779
10801
11455
8643
14054
3855
5467
3985
4745
3541
8492
4579
3900
2756
4948
5241
3996
4424
7508
3593
3760
8166
7896
3391
