5670
4740
4861
5267
7794
8674
5671
4450
6755
12826
8039
5514
11867
8681
6186
6848
6710
5705
7027
4151
5051
4801
16001
7246
8884
8666
5160
4547
5422
4719
6418
6196
6935
7522
5248
6601
5262
19001
5966
5324
7995
6312
8227
5076
6616
5154
9161
7686
5561
5769
6631
4718
7013
6559
5702
7023
6865
5405
9707
5826
5445
5451
6194
7080
12988
4660
5589
6361
7843
6041
5775
7544
5018
5751
4678
8006
7219
6908
9026
5213
5821
5542
5023
7606
7996
5052
4521
5817
3964
6885
7462
4753
6924
7279
6331
6905
5499
4890
14582
5786
