66, 63
18, 10
21, 21
18, 21
19, 16
65, 56
25, 40
25, 23
68, 64
119, 104
18, 15
20, 20
67, 63
25, 15
59, 64
53, 52
63, 55
16, 14
53, 48
25, 32
25, 24
45, 48
23, 19
64, 64
51, 48
60, 48
55, 48
17, 8
98, 104
21, 24
38, 40
14, 8
63, 64
44, 46
22, 21
55, 62
20, 13
120, 119
27, 32
30, 24
23, 16
90, 80
76, 72
64, 64
17, 15
20, 22
25, 24
50, 48
17, 8
61, 64
46, 40
62, 48
20, 16
23, 15
45, 40
55, 55
30, 24
19, 8
53, 40
125, 104
21, 16
17, 16
22, 16
72, 70
21, 24
40, 40
106, 88
20, 22
18, 15
40, 39
48, 47
48, 56
20, 15
24, 21
47, 40
25, 24
18, 11
51, 48
26, 25
20, 15
18, 12
22, 23
18, 13
20, 22
16, 10
60, 48
22, 16
23, 21
23, 24
17, 16
32, 32
63, 56
51, 40
24, 24
18, 16
31, 32
31, 32
53, 48
22, 22
23, 27
22, 24
93, 86
22, 16
14, 17
18, 22
33, 40
55, 48
21, 22
17, 16
16, 8
22, 18
44, 40
23, 23
16, 7
110, 104
31, 32
24, 24
26, 24
16, 16
18, 8
21, 18
18, 15
46, 48
22, 24
48, 63
90, 88
26, 24
15, 14
20, 22
18, 13
20, 23
21, 14
23, 24
35, 32
16, 8
16, 18
45, 40
23, 18
18, 19
18, 18
54, 48
25, 16
15, 16
56, 56
97, 96
25, 39
53, 40
40, 40
22, 16
20, 23
25, 23
20, 21
20, 16
22, 16
23, 24
20, 13
17, 16
19, 12
18, 8
14, 19
66, 48
76, 77
23, 21
18, 24
30, 32
42, 40
28, 24
24, 15
46, 46
17, 16
50, 54
98, 96
49, 55
16, 15
21, 23
77, 87
53, 60
30, 40
88, 88
58, 56
18, 8
108, 120
18, 7
85, 72
27, 23
63, 56
58, 48
54, 48
75, 72
22, 15
22, 11
26, 32
20, 15
43, 47
20, 8
61, 61
88, 80
19, 8
20, 15
34, 32
46, 56
30, 32
22, 24
88, 88
48, 48
73, 64
69, 56
15, 21
100, 120
52, 47
18, 13
32, 32
17, 15
57, 55
16, 8
23, 17
22, 16
31, 40
43, 54
16, 23
29, 32
22, 13
23, 23
21, 18
24, 15
58, 56
18, 18
15, 13
13, 12
17, 16
20, 13
19, 12
68, 62
54, 48
21, 23
46, 55
19, 8
24, 24
17, 14
21, 16
18, 8
15, 7
73, 71
17, 13
18, 7
24, 32
60, 55
20, 15
44, 40
22, 16
20, 16
24, 16
29, 32
21, 12
13, 8
13, 10
73, 76
20, 23
62, 55
23, 18
29, 24
17, 16
139, 128
22, 18
59, 55
47, 40
88, 80
21, 15
23, 16
11, 16
29, 40
44, 40
60, 56
17, 22
22, 21
21, 11
21, 22
39, 40
47, 40
17, 20
53, 46
48, 56
27, 32
28, 23
17, 6
23, 20
22, 15
20, 20
85, 80
61, 55
23, 16
17, 8
18, 8
23, 23
16, 15
24, 24
25, 32
129, 120
44, 39
33, 32
95, 85
48, 44
22, 16
74, 71
18, 16
22, 23
22, 16
22, 23
21, 21
54, 56
19, 18
61, 51
17, 15
20, 24
56, 48
83, 72
61, 48
47, 48
19, 15
29, 40
20, 13
29, 23
130, 128
24, 16
18, 15
20, 16
22, 14
16, 12
68, 64
51, 40
21, 6
85, 88
27, 32
15, 15
25, 24
57, 47
24, 16
20, 21
61, 60
18, 11
51, 55
32, 40
83, 79
20, 14
56, 64
67, 64
36, 46
35, 38
20, 8
24, 32
50, 64
88, 80
37, 40
56, 48
19, 18
58, 56
19, 12
22, 23
22, 24
15, 15
21, 21
62, 56
19, 16
53, 44
18, 21
29, 32
72, 56
23, 24
47, 40
25, 15
17, 22
21, 16
45, 44
21, 22
46, 47
45, 47
29, 32
23, 24
17, 8
28, 32
23, 16
54, 56
16, 20
28, 32
67, 48
19, 23
71, 64
46, 40
21, 22
16, 11
19, 14
23, 24
20, 8
16, 15
15, 10
70, 71
14, 12
27, 24
26, 24
45, 56
21, 8
25, 16
22, 24
43, 39
18, 16
86, 80
18, 13
14, 11
23, 16
16, 16
95, 80
12, 8
15, 13
21, 21
40, 40
50, 60
53, 46
22, 17
61, 53
21, 16
18, 15
70, 72
22, 24
25, 21
25, 24
53, 56
25, 24
45, 47
50, 40
29, 22
62, 64
17, 14
42, 52
21, 23
33, 32
51, 48
19, 8
32, 32
17, 15
47, 48
16, 21
28, 28
67, 47
27, 32
16, 13
63, 48
33, 40
20, 17
16, 12
35, 32
22, 15
22, 12
19, 15
18, 7
130, 128
25, 32
55, 40
59, 62
46, 40
80, 88
45, 56
28, 24
24, 24
151, 152
21, 16
81, 56
86, 72
72, 56
16, 14
89, 94
51, 52
98, 88
19, 22
51, 40
27, 24
52, 48
54, 56
47, 40
51, 48
42, 40
65, 54
35, 32
15, 19
20, 16
124, 125
16, 14
15, 15
19, 19
16, 17
45, 48
47, 40
70, 56
21, 23
36, 32
17, 14
52, 48
21, 7
16, 20
28, 40
67, 63
26, 22
86, 72
55, 54
65, 54
22, 22
15, 14
21, 17
61, 48
54, 47
18, 15
66, 56
16, 14
57, 56
15, 13
59, 63
20, 22
20, 24
23, 22
17, 17
53, 39
21, 20
60, 56
46, 55
23, 22
21, 24
14, 17
21, 16
19, 15
63, 63
19, 14
87, 88
40, 40
24, 16
68, 64
53, 48
55, 48
93, 88
50, 56
25, 21
24, 14
19, 19
20, 12
22, 20
23, 22
25, 15
18, 15
19, 8
22, 17
38, 40
80, 61
52, 48
18, 18
28, 24
22, 24
96, 96
59, 48
29, 32
97, 79
69, 64
19, 21
20, 26
26, 24
27, 24
27, 22
103, 88
55, 48
18, 8
22, 24
23, 24
43, 56
20, 15
53, 64
18, 23
42, 40
23, 24
66, 56
20, 8
20, 12
57, 56
59, 55
15, 13
32, 24
50, 40
26, 32
75, 80
23, 17
62, 55
21, 16
44, 48
22, 16
21, 18
26, 32
19, 18
69, 56
21, 24
21, 16
33, 40
60, 55
84, 69
62, 56
59, 48
16, 19
27, 22
56, 63
45, 40
14, 12
39, 40
58, 54
20, 24
18, 16
48, 40
17, 13
30, 40
88, 87
23, 24
20, 14
68, 56
72, 79
21, 32
15, 16
20, 24
21, 11
21, 14
30, 20
23, 16
54, 48
19, 24
58, 56
37, 40
21, 20
80, 79
19, 16
45, 48
20, 16
71, 72
48, 47
32, 32
30, 31
69, 69
47, 48
48, 63
61, 55
18, 8
69, 64
25, 13
59, 56
72, 64
61, 54
21, 8
68, 63
23, 13
69, 64
17, 14
91, 80
84, 80
75, 80
60, 72
15, 10
21, 22
18, 16
21, 24
21, 22
84, 80
30, 32
101, 95
16, 7
17, 8
28, 32
22, 24
14, 11
53, 48
90, 80
139, 136
16, 14
24, 24
18, 22
17, 18
20, 23
48, 55
20, 14
39, 32
19, 24
21, 24
15, 18
57, 56
24, 24
58, 48
19, 15
118, 104
24, 17
35, 40
15, 8
20, 16
62, 48
20, 15
46, 47
67, 68
42, 47
23, 15
23, 23
37, 32
63, 56
28, 24
27, 32
67, 56
16, 17
23, 8
65, 56
22, 14
19, 8
20, 24
59, 55
28, 24
17, 16
112, 104
51, 47
67, 67
24, 24
34, 32
23, 15
54, 48
51, 48
62, 56
32, 20
18, 21
16, 14
66, 76
26, 16
19, 22
90, 80
93, 85
48, 53
26, 16
14, 8
20, 24
27, 32
50, 48
99, 92
22, 23
24, 16
51, 48
54, 55
44, 40
64, 55
37, 40
22, 8
44, 40
44, 46
90, 96
21, 16
53, 64
143, 136
17, 17
18, 18
92, 88
19, 20
21, 22
18, 19
36, 40
33, 24
23, 23
27, 23
53, 47
14, 10
16, 15
62, 56
78, 80
18, 17
17, 18
17, 12
56, 48
19, 20
68, 55
18, 13
71, 56
43, 39
57, 54
21, 15
12, 13
20, 8
26, 22
27, 40
65, 54
77, 77
20, 8
17, 13
52, 48
30, 40
18, 12
98, 101
18, 12
56, 40
19, 16
29, 24
57, 55
83, 77
31, 32
27, 32
70, 72
43, 48
22, 16
68, 61
24, 24
18, 13
25, 24
43, 40
32, 40
114, 96
20, 23
29, 24
24, 23
32, 24
49, 48
63, 61
21, 22
21, 23
32, 32
23, 15
22, 16
91, 88
37, 36
47, 48
11, 6
26, 15
18, 6
54, 48
62, 64
21, 23
48, 40
18, 14
21, 16
19, 12
26, 22
51, 40
51, 40
23, 24
21, 22
19, 15
25, 24
27, 32
89, 72
89, 88
21, 16
19, 11
14, 19
20, 16
55, 56
27, 24
20, 7
21, 23
24, 16
96, 104
23, 32
89, 80
23, 23
18, 18
33, 24
15, 13
24, 21
16, 22
26, 32
20, 16
13, 11
48, 56
22, 24
66, 53
61, 40
21, 14
23, 24
23, 16
46, 40
20, 24
23, 13
45, 48
51, 56
94, 88
87, 80
21, 30
75, 72
68, 56
63, 56
22, 13
148, 136
47, 38
18, 20
63, 54
37, 40
23, 24
109, 112
14, 14
30, 24
16, 16
33, 40
62, 48
80, 72
46, 40
44, 55
25, 24
20, 15
116, 112
60, 48
17, 15
22, 16
18, 8
18, 20
54, 47
34, 32
22, 20
50, 48
22, 24
103, 88
21, 14
70, 56
21, 22
33, 40
48, 40
24, 22
16, 21
60, 56
24, 32
18, 12
20, 18
23, 23
22, 15
51, 56
25, 24
22, 14
99, 96
21, 16
40, 40
22, 23
23, 15
66, 52
81, 80
63, 56
57, 64
53, 64
35, 40
15, 7
24, 24
27, 24
60, 64
16, 7
44, 40
69, 79
70, 60
16, 19
24, 21
103, 88
25, 24
23, 15
83, 72
23, 24
28, 32
27, 24
33, 36
106, 104
24, 23
108, 93
19, 20
19, 19
24, 23
54, 56
19, 12
70, 63
25, 32
43, 47
18, 12
55, 40
21, 16
101, 104
62, 63
22, 19
57, 56
46, 40
24, 24
20, 14
21, 24
19, 21
16, 8
20, 8
17, 17
26, 24
67, 64
20, 8
45, 40
142, 136
19, 14
22, 22
88, 92
30, 23
16, 20
27, 16
108, 100
72, 60
26, 24
17, 14
88, 80
30, 24
17, 6
